2024-06-30 22:11:51,182:INFO:\u2588\u2588\u2588\u2588\u2588\u2588\u2557 \u2588\u2588\u2557   \u2588\u2588\u2557\u2588\u2588\u2588\u2588\u2588\u2588\u2557  \u2588\u2588\u2588\u2588\u2588\u2557 \u2588\u2588\u2588\u2588\u2588\u2588\u2588\u2557\u2588\u2588\u2588\u2588\u2588\u2588\u2588\u2557\u2588\u2588\u2588\u2588\u2588\u2588\u2557 
                  \u2588\u2588\u2554\u2550\u2550\u2588\u2588\u2557\u255a\u2588\u2588\u2557 \u2588\u2588\u2554\u255d\u2588\u2588\u2554\u2550\u2550\u2588\u2588\u2557\u2588\u2588\u2554\u2550\u2550\u2588\u2588\u2557\u2588\u2588\u2554\u2550\u2550\u2550\u2550\u255d\u2588\u2588\u2554\u2550\u2550\u2550\u2550\u255d\u2588\u2588\u2554\u2550\u2550\u2588\u2588\u2557
                  \u2588\u2588\u2588\u2588\u2588\u2588\u2554\u255d \u255a\u2588\u2588\u2588\u2588\u2554\u255d \u2588\u2588\u2588\u2588\u2588\u2588\u2554\u255d\u2588\u2588\u2588\u2588\u2588\u2588\u2588\u2551\u2588\u2588\u2588\u2588\u2588\u2588\u2588\u2557\u2588\u2588\u2588\u2588\u2588\u2588\u2588\u2557\u2588\u2588\u2551  \u2588\u2588\u2551
                  \u2588\u2588\u2554\u2550\u2550\u2588\u2588\u2557  \u255a\u2588\u2588\u2554\u255d  \u2588\u2588\u2554\u2550\u2550\u2550\u255d \u2588\u2588\u2554\u2550\u2550\u2588\u2588\u2551\u255a\u2550\u2550\u2550\u2550\u2588\u2588\u2551\u255a\u2550\u2550\u2550\u2550\u2588\u2588\u2551\u2588\u2588\u2551  \u2588\u2588\u2551
                  \u2588\u2588\u2588\u2588\u2588\u2588\u2554\u255d   \u2588\u2588\u2551   \u2588\u2588\u2551     \u2588\u2588\u2551  \u2588\u2588\u2551\u2588\u2588\u2588\u2588\u2588\u2588\u2588\u2551\u2588\u2588\u2588\u2588\u2588\u2588\u2588\u2551\u2588\u2588\u2588\u2588\u2588\u2588\u2554\u255d
                  \u255a\u2550\u2550\u2550\u2550\u2550\u255d    \u255a\u2550\u255d   \u255a\u2550\u255d     \u255a\u2550\u255d  \u255a\u2550\u255d\u255a\u2550\u2550\u2550\u2550\u2550\u2550\u255d\u255a\u2550\u2550\u2550\u2550\u2550\u2550\u255d\u255a\u2550\u2550\u2550\u2550\u2550\u255d  
                                                         [-] Select a mode for detecting fields:
[+] 1-) Automatic mode (Will get all necessary fields and proceed)
[*] 2-) Manual mode (You will provide necessary information before continuing)
[=] -
[/\] 0-) Stop the program
2024-06-30 22:11:55,717:INFO:\u2588\u2588\u2588\u2588\u2588\u2588\u2557 \u2588\u2588\u2557   \u2588\u2588\u2557\u2588\u2588\u2588\u2588\u2588\u2588\u2557  \u2588\u2588\u2588\u2588\u2588\u2557 \u2588\u2588\u2588\u2588\u2588\u2588\u2588\u2557\u2588\u2588\u2588\u2588\u2588\u2588\u2588\u2557\u2588\u2588\u2588\u2588\u2588\u2588\u2557 
                  \u2588\u2588\u2554\u2550\u2550\u2588\u2588\u2557\u255a\u2588\u2588\u2557 \u2588\u2588\u2554\u255d\u2588\u2588\u2554\u2550\u2550\u2588\u2588\u2557\u2588\u2588\u2554\u2550\u2550\u2588\u2588\u2557\u2588\u2588\u2554\u2550\u2550\u2550\u2550\u255d\u2588\u2588\u2554\u2550\u2550\u2550\u2550\u255d\u2588\u2588\u2554\u2550\u2550\u2588\u2588\u2557
                  \u2588\u2588\u2588\u2588\u2588\u2588\u2554\u255d \u255a\u2588\u2588\u2588\u2588\u2554\u255d \u2588\u2588\u2588\u2588\u2588\u2588\u2554\u255d\u2588\u2588\u2588\u2588\u2588\u2588\u2588\u2551\u2588\u2588\u2588\u2588\u2588\u2588\u2588\u2557\u2588\u2588\u2588\u2588\u2588\u2588\u2588\u2557\u2588\u2588\u2551  \u2588\u2588\u2551
                  \u2588\u2588\u2554\u2550\u2550\u2588\u2588\u2557  \u255a\u2588\u2588\u2554\u255d  \u2588\u2588\u2554\u2550\u2550\u2550\u255d \u2588\u2588\u2554\u2550\u2550\u2588\u2588\u2551\u255a\u2550\u2550\u2550\u2550\u2588\u2588\u2551\u255a\u2550\u2550\u2550\u2550\u2588\u2588\u2551\u2588\u2588\u2551  \u2588\u2588\u2551
                  \u2588\u2588\u2588\u2588\u2588\u2588\u2554\u255d   \u2588\u2588\u2551   \u2588\u2588\u2551     \u2588\u2588\u2551  \u2588\u2588\u2551\u2588\u2588\u2588\u2588\u2588\u2588\u2588\u2551\u2588\u2588\u2588\u2588\u2588\u2588\u2588\u2551\u2588\u2588\u2588\u2588\u2588\u2588\u2554\u255d
                  \u255a\u2550\u2550\u2550\u2550\u2550\u255d    \u255a\u2550\u255d   \u255a\u2550\u255d     \u255a\u2550\u255d  \u255a\u2550\u255d\u255a\u2550\u2550\u2550\u2550\u2550\u2550\u255d\u255a\u2550\u2550\u2550\u2550\u2550\u2550\u255d\u255a\u2550\u2550\u2550\u2550\u2550\u255d  
                                                         [-] Select a mode for detecting fields:
[+] 1-) Automatic mode (Will get all necessary fields and proceed)
[*] 2-) Manual mode (You will provide necessary information before continuing)
[=] -
[/\] 0-) Stop the program
2024-06-30 22:13:59,881:INFO:\u2588\u2588\u2588\u2588\u2588\u2588\u2557 \u2588\u2588\u2557   \u2588\u2588\u2557\u2588\u2588\u2588\u2588\u2588\u2588\u2557  \u2588\u2588\u2588\u2588\u2588\u2557 \u2588\u2588\u2588\u2588\u2588\u2588\u2588\u2557\u2588\u2588\u2588\u2588\u2588\u2588\u2588\u2557\u2588\u2588\u2588\u2588\u2588\u2588\u2557 
\u2588\u2588\u2554\u2550\u2550\u2588\u2588\u2557\u255a\u2588\u2588\u2557 \u2588\u2588\u2554\u255d\u2588\u2588\u2554\u2550\u2550\u2588\u2588\u2557\u2588\u2588\u2554\u2550\u2550\u2588\u2588\u2557\u2588\u2588\u2554\u2550\u2550\u2550\u2550\u255d\u2588\u2588\u2554\u2550\u2550\u2550\u2550\u255d\u2588\u2588\u2554\u2550\u2550\u2588\u2588\u2557
\u2588\u2588\u2588\u2588\u2588\u2588\u2554\u255d \u255a\u2588\u2588\u2588\u2588\u2554\u255d \u2588\u2588\u2588\u2588\u2588\u2588\u2554\u255d\u2588\u2588\u2588\u2588\u2588\u2588\u2588\u2551\u2588\u2588\u2588\u2588\u2588\u2588\u2588\u2557\u2588\u2588\u2588\u2588\u2588\u2588\u2588\u2557\u2588\u2588\u2551  \u2588\u2588\u2551
\u2588\u2588\u2554\u2550\u2550\u2588\u2588\u2557  \u255a\u2588\u2588\u2554\u255d  \u2588\u2588\u2554\u2550\u2550\u2550\u255d \u2588\u2588\u2554\u2550\u2550\u2588\u2588\u2551\u255a\u2550\u2550\u2550\u2550\u2588\u2588\u2551\u255a\u2550\u2550\u2550\u2550\u2588\u2588\u2551\u2588\u2588\u2551  \u2588\u2588\u2551
\u2588\u2588\u2588\u2588\u2588\u2588\u2554\u255d   \u2588\u2588\u2551   \u2588\u2588\u2551     \u2588\u2588\u2551  \u2588\u2588\u2551\u2588\u2588\u2588\u2588\u2588\u2588\u2588\u2551\u2588\u2588\u2588\u2588\u2588\u2588\u2588\u2551\u2588\u2588\u2588\u2588\u2588\u2588\u2554\u255d
\u255a\u2550\u2550\u2550\u2550\u2550\u255d    \u255a\u2550\u255d   \u255a\u2550\u255d     \u255a\u2550\u255d  \u255a\u2550\u255d\u255a\u2550\u2550\u2550\u2550\u2550\u2550\u255d\u255a\u2550\u2550\u2550\u2550\u2550\u2550\u255d\u255a\u2550\u2550\u2550\u2550\u2550\u255d  [-] Select a mode for detecting fields:
[+] 1-) Automatic mode (Will get all necessary fields and proceed)
[*] 2-) Manual mode (You will provide necessary information before continuing)
[=] -
[/\] 0-) Stop the program
